<?xml version="1.0" encoding="UTF-8"?>
<!-- Generated by org.testng.reporters.JUnitXMLReporter -->
<testsuite hostname="DESKTOP-QM6OV0O" ignored="4" name="Default test" tests="1" failures="0" timestamp="2020-03-25T20:58:41 IST" time="13.051" errors="0">
  <testcase name="Takescreenshots" time="0.608" classname="com.test.Testwebelem"/>
  <testcase name="Fillregistration_form" time="0.0" classname="com.test.Testwebelem">
    <ignored/>
  </testcase> <!-- Fillregistration_form -->
  <testcase name="mousehover" time="0.0" classname="com.test.Testwebelem">
    <ignored/>
  </testcase> <!-- mousehover -->
  <testcase name="uploadfile" time="0.0" classname="com.test.Testwebelem">
    <ignored/>
  </testcase> <!-- uploadfile -->
  <testcase name="working_withframe" time="0.0" classname="com.test.Testwebelem">
    <ignored/>
  </testcase> <!-- working_withframe -->
</testsuite> <!-- Default test -->
