<?xml version="1.0" encoding="UTF-8"?>
<testng-results skipped="0" failed="0" ignored="4" total="5" passed="1">
  <reporter-output>
  </reporter-output>
  <suite name="Default suite" duration-ms="13051" started-at="2020-03-25T20:58:28 IST" finished-at="2020-03-25T20:58:41 IST">
    <groups>
    </groups>
    <test name="Default test" duration-ms="13051" started-at="2020-03-25T20:58:28 IST" finished-at="2020-03-25T20:58:41 IST">
      <class name="com.test.Testwebelem">
        <test-method status="PASS" signature="setup()[pri:0, instance:com.test.Testwebelem@2a17b7b6]" name="setup" is-config="true" duration-ms="11274" started-at="2020-03-25T20:58:28 IST" finished-at="2020-03-25T20:58:39 IST">
          <reporter-output>
          </reporter-output>
        </test-method> <!-- setup -->
        <test-method status="PASS" signature="Takescreenshots()[pri:0, instance:com.test.Testwebelem@2a17b7b6]" name="Takescreenshots" duration-ms="608" started-at="2020-03-25T20:58:39 IST" finished-at="2020-03-25T20:58:40 IST">
          <reporter-output>
          </reporter-output>
        </test-method> <!-- Takescreenshots -->
        <test-method status="PASS" signature="cleanup()[pri:0, instance:com.test.Testwebelem@2a17b7b6]" name="cleanup" is-config="true" duration-ms="1095" started-at="2020-03-25T20:58:40 IST" finished-at="2020-03-25T20:58:41 IST">
          <reporter-output>
          </reporter-output>
        </test-method> <!-- cleanup -->
      </class> <!-- com.test.Testwebelem -->
    </test> <!-- Default test -->
  </suite> <!-- Default suite -->
</testng-results>
